<?xml version="1.0" encoding="UTF-8"?>
<!-- Generated by org.testng.reporters.JUnitReportReporter -->
<testsuite hostname="LAPTOP-AMB0CSQ4" failures="0" tests="1" name="testScenarios.TestMethods" time="5.053" errors="0" timestamp="2024-12-15T21:46:19 IST" skipped="0">
  <testcase classname="testScenarios.TestMethods" name="searchOperation" time="5.053"/>
</testsuite> <!-- testScenarios.TestMethods -->
